0 info it worked if it ends with ok
1 verbose cli [ '/usr/bin/node', '/usr/bin/npm', 'run', 'watch-css' ]
2 info using npm@1.4.28
3 info using node@v0.10.36
4 verbose node symlink /usr/bin/node
5 verbose run-script [ 'prewatch-css', 'watch-css', 'postwatch-css' ]
6 info prewatch-css biojs-vis-venn@0.1.0
7 info watch-css biojs-vis-venn@0.1.0
8 verbose unsafe-perm in lifecycle true
9 info biojs-vis-venn@0.1.0 Failed to exec watch-css script
10 error biojs-vis-venn@0.1.0 watch-css: `parcelify -w ./ -c build/bundle.css --loglevel verbose`
10 error Exit status 1
11 error Failed at the biojs-vis-venn@0.1.0 watch-css script.
11 error This is most likely a problem with the biojs-vis-venn package,
11 error not with npm itself.
11 error Tell the author that this fails on your system:
11 error     parcelify -w ./ -c build/bundle.css --loglevel verbose
11 error You can get their info via:
11 error     npm owner ls biojs-vis-venn
11 error There is likely additional logging output above.
12 error System Linux 3.13.0-45-generic
13 error command "/usr/bin/node" "/usr/bin/npm" "run" "watch-css"
14 error cwd /home/derekchung/Documents/biojs-vis-venn
15 error node -v v0.10.36
16 error npm -v 1.4.28
17 error code ELIFECYCLE
18 verbose exit [ 1, true ]
